<?xml version="1.0" encoding="UTF-8"?>
<testng-results skipped="0" failed="0" total="1" passed="1">
  <reporter-output>
    <line>
      <![CDATA[Test:testA is Pass ]]>
    </line>
    <line>
      <![CDATA[TestName:testA Status:PASS]]>
    </line>
  </reporter-output>
  <suite name="Default suite" duration-ms="12715" started-at="2018-10-11T04:23:50Z" finished-at="2018-10-11T04:24:03Z">
    <groups>
    </groups>
    <test name="Default test" duration-ms="12715" started-at="2018-10-11T04:23:50Z" finished-at="2018-10-11T04:24:03Z">
      <class name="script.Demo1">
        <test-method status="PASS" signature="openApp(java.lang.String, java.lang.String)[pri:0, instance:script.Demo1@4cc0edeb]" name="openApp" is-config="true" duration-ms="7242" started-at="2018-10-11T09:53:50Z" finished-at="2018-10-11T09:53:57Z">
          <params>
            <param index="0">
              <value>
                <![CDATA[localhost]]>
              </value>
            </param>
            <param index="1">
              <value>
                <![CDATA[chrome]]>
              </value>
            </param>
          </params>
          <reporter-output>
          </reporter-output>
        </test-method> <!-- openApp -->
        <test-method status="PASS" signature="testA()[pri:0, instance:script.Demo1@4cc0edeb]" name="testA" duration-ms="4546" started-at="2018-10-11T09:53:57Z" finished-at="2018-10-11T09:54:02Z">
          <reporter-output>
            <line>
              <![CDATA[Test:testA is Pass ]]>
            </line>
          </reporter-output>
        </test-method> <!-- testA -->
        <test-method status="PASS" signature="closeApp(org.testng.ITestResult)[pri:0, instance:script.Demo1@4cc0edeb]" name="closeApp" is-config="true" duration-ms="895" started-at="2018-10-11T09:54:02Z" finished-at="2018-10-11T09:54:03Z">
          <params>
            <param index="0">
              <value>
                <![CDATA[[TestResult name=testA status=SUCCESS method=Demo1.testA()[pri:0, instance:script.Demo1@4cc0edeb] output=Test:testA is Pass ]]]>
              </value>
            </param>
          </params>
          <reporter-output>
            <line>
              <![CDATA[TestName:testA Status:PASS]]>
            </line>
          </reporter-output>
        </test-method> <!-- closeApp -->
      </class> <!-- script.Demo1 -->
    </test> <!-- Default test -->
  </suite> <!-- Default suite -->
</testng-results>
